#
# There is insufficient memory for the Java Runtime Environment to continue.
# Native memory allocation (malloc) failed to allocate 1048576 bytes. Error detail: AllocateHeap
# Possible reasons:
#   The system is out of physical RAM or swap space
#   This process is running with CompressedOops enabled, and the Java Heap may be blocking the growth of the native heap
# Possible solutions:
#   Reduce memory load on the system
#   Increase physical memory or swap space
#   Check if swap backing store is full
#   Decrease Java heap size (-Xmx/-Xms)
#   Decrease number of Java threads
#   Decrease Java thread stack sizes (-Xss)
#   Set larger code cache with -XX:ReservedCodeCacheSize=
#   JVM is running with Unscaled Compressed Oops mode in which the Java heap is
#     placed in the first 4GB address space. The Java Heap base address is the
#     maximum limit for the native heap growth. Please use -XX:HeapBaseMinAddress
#     to set the Java Heap base and to place the Java Heap above 4GB virtual address.
# This output file may be truncated or incomplete.
#
#  Out of Memory Error (allocation.cpp:44), pid=28612, tid=7424
#
# JRE version:  (17.0.18+8) (build )
# Java VM: OpenJDK 64-Bit Server VM (17.0.18+8, mixed mode, sharing, tiered, compressed oops, compressed class ptrs, g1 gc, windows-amd64)
# No core dump will be written. Minidumps are not enabled by default on client versions of Windows
#

---------------  S U M M A R Y ------------

Command Line: -Xmx64m -Xms64m -Dorg.gradle.appname=gradlew org.gradle.wrapper.GradleWrapperMain app:bundleRelease

Host: 12th Gen Intel(R) Core(TM) i5-1240P, 16 cores, 15G,  Windows 11 , 64 bit Build 22621 (10.0.22621.317)
Time: Tue Apr 28 18:22:10 2026  Windows 11 , 64 bit Build 22621 (10.0.22621.317) elapsed time: 0.012154 seconds (0d 0h 0m 0s)

---------------  T H R E A D  ---------------

Current thread (0x0000022971b49cf0):  JavaThread "Unknown thread" [_thread_in_vm, id=7424, stack(0x000000b8d2c00000,0x000000b8d2d00000)]

Stack: [0x000000b8d2c00000,0x000000b8d2d00000]
Native frames: (J=compiled Java code, j=interpreted, Vv=VM code, C=native code)
V  [jvm.dll+0x6846f9]
V  [jvm.dll+0x839ea5]
V  [jvm.dll+0x83b91e]
V  [jvm.dll+0x83bfa3]
V  [jvm.dll+0x248eff]
V  [jvm.dll+0xa7b47]
V  [jvm.dll+0x2dbef6]
V  [jvm.dll+0x80cd2f]
V  [jvm.dll+0x36ea21]
V  [jvm.dll+0x7eb945]
V  [jvm.dll+0x3f462b]
V  [jvm.dll+0x3f6111]
C  [jli.dll+0x52d0]
C  [ucrtbase.dll+0x29363]
C  [KERNEL32.DLL+0x1244d]
C  [ntdll.dll+0x5df78]


---------------  P R O C E S S  ---------------

Threads class SMR info:
_java_thread_list=0x00007ffd15117f58, length=0, elements={
}

Java Threads: ( => current thread )

Other Threads:

=>0x0000022971b49cf0 (exited) JavaThread "Unknown thread" [_thread_in_vm, id=7424, stack(0x000000b8d2c00000,0x000000b8d2d00000)]

Threads with active compile tasks:

VM state: not at safepoint (not fully initialized)

VM Mutex/Monitor currently owned by a thread: None

Heap address: 0x0000000000000000, size: 0 MB, Compressed Oops mode: 32-bit

CDS archive(s) mapped at: [0x0000000000000000-0x0000000000000000-0x0000000000000000), size 0, SharedBaseAddress: 0x0000000800000000, ArchiveRelocationMode: 1.
Narrow klass base: 0x0000000000000000, Narrow klass shift: 0, Narrow klass range: 0x0

GC Precious Log:
<Empty>

GC Heap History (0 events):
No events

Dll operation events (1 events):
Event: 0.007 Loaded shared library C:\Users\EDY\jdk17-temp\jdk-17.0.18+8\bin\java.dll

Deoptimization events (0 events):
No events

Classes loaded (0 events):
No events

Classes unloaded (0 events):
No events

Classes redefined (0 events):
No events

Internal exceptions (0 events):
No events

VM Operations (0 events):
No events

Memory protections (0 events):
No events

Nmethod flushes (0 events):
No events

Events (0 events):
No events


Dynamic libraries:
0x00007ff652a80000 - 0x00007ff652a8e000 	C:\Users\EDY\jdk17-temp\jdk-17.0.18+8\bin\java.exe
0x00007ffe314b0000 - 0x00007ffe316c4000 	C:\Windows\SYSTEM32\ntdll.dll
0x00007ffe30330000 - 0x00007ffe303f2000 	C:\Windows\System32\KERNEL32.DLL
0x00007ffe2ef20000 - 0x00007ffe2f2bc000 	C:\Windows\System32\KERNELBASE.dll
0x00007ffe2ed40000 - 0x00007ffe2ee51000 	C:\Windows\System32\ucrtbase.dll
0x00007ffdeb980000 - 0x00007ffdeb998000 	C:\Users\EDY\jdk17-temp\jdk-17.0.18+8\bin\jli.dll
0x00007ffde2440000 - 0x00007ffde245e000 	C:\Users\EDY\jdk17-temp\jdk-17.0.18+8\bin\VCRUNTIME140.dll
0x00007ffe2f7b0000 - 0x00007ffe2f95b000 	C:\Windows\System32\USER32.dll
0x00007ffe2ebf0000 - 0x00007ffe2ec16000 	C:\Windows\System32\win32u.dll
0x00007ffe30300000 - 0x00007ffe30329000 	C:\Windows\System32\GDI32.dll
0x00007ffe14b50000 - 0x00007ffe14dde000 	C:\Windows\WinSxS\amd64_microsoft.windows.common-controls_6595b64144ccf1df_6.0.22621.317_none_a9434687c10c9fa2\COMCTL32.dll
0x00007ffe2e8f0000 - 0x00007ffe2ea02000 	C:\Windows\System32\gdi32full.dll
0x00007ffe2eca0000 - 0x00007ffe2ed3a000 	C:\Windows\System32\msvcp_win.dll
0x00007ffe30f00000 - 0x00007ffe30fa7000 	C:\Windows\System32\msvcrt.dll
0x00007ffe302c0000 - 0x00007ffe302f1000 	C:\Windows\System32\IMM32.DLL
0x00007ffe259e0000 - 0x00007ffe259ec000 	C:\Users\EDY\jdk17-temp\jdk-17.0.18+8\bin\vcruntime140_1.dll
0x00007ffd1af00000 - 0x00007ffd1af8d000 	C:\Users\EDY\jdk17-temp\jdk-17.0.18+8\bin\msvcp140.dll
0x00007ffd145e0000 - 0x00007ffd1524b000 	C:\Users\EDY\jdk17-temp\jdk-17.0.18+8\bin\server\jvm.dll
0x00007ffe31070000 - 0x00007ffe3111e000 	C:\Windows\System32\ADVAPI32.dll
0x00007ffe31120000 - 0x00007ffe311c4000 	C:\Windows\System32\sechost.dll
0x00007ffe2f690000 - 0x00007ffe2f7a5000 	C:\Windows\System32\RPCRT4.dll
0x00007ffe31390000 - 0x00007ffe31401000 	C:\Windows\System32\WS2_32.dll
0x00007ffe2b540000 - 0x00007ffe2b574000 	C:\Windows\SYSTEM32\WINMM.dll
0x00007ffe2e7c0000 - 0x00007ffe2e80d000 	C:\Windows\SYSTEM32\POWRPROF.dll
0x00007ffe1a390000 - 0x00007ffe1a39a000 	C:\Windows\SYSTEM32\VERSION.dll
0x00007ffe2e7a0000 - 0x00007ffe2e7b3000 	C:\Windows\SYSTEM32\UMPDC.dll
0x00007ffe2da40000 - 0x00007ffe2da58000 	C:\Windows\SYSTEM32\kernel.appcore.dll
0x00007ffe0ad60000 - 0x00007ffe0ad6a000 	C:\Users\EDY\jdk17-temp\jdk-17.0.18+8\bin\jimage.dll
0x00007ffe2c380000 - 0x00007ffe2c5ae000 	C:\Windows\SYSTEM32\DBGHELP.DLL
0x00007ffe2f300000 - 0x00007ffe2f689000 	C:\Windows\System32\combase.dll
0x00007ffe30e20000 - 0x00007ffe30ef7000 	C:\Windows\System32\OLEAUT32.dll
0x00007ffe2b500000 - 0x00007ffe2b532000 	C:\Windows\SYSTEM32\dbgcore.DLL
0x00007ffe2ec20000 - 0x00007ffe2ec9b000 	C:\Windows\System32\bcryptPrimitives.dll
0x00007ffde23b0000 - 0x00007ffde23d5000 	C:\Users\EDY\jdk17-temp\jdk-17.0.18+8\bin\java.dll

dbghelp: loaded successfully - version: 4.0.5 - missing functions: none
symbol engine: initialized successfully - sym options: 0x614 - pdb path: .;C:\Users\EDY\jdk17-temp\jdk-17.0.18+8\bin;C:\Windows\SYSTEM32;C:\Windows\WinSxS\amd64_microsoft.windows.common-controls_6595b64144ccf1df_6.0.22621.317_none_a9434687c10c9fa2;C:\Users\EDY\jdk17-temp\jdk-17.0.18+8\bin\server

VM Arguments:
jvm_args: -Xmx64m -Xms64m -Dorg.gradle.appname=gradlew 
java_command: org.gradle.wrapper.GradleWrapperMain app:bundleRelease
java_class_path (initial): C:\Users\EDY\lx-music-mobile-qq\android\\gradle\wrapper\gradle-wrapper.jar
Launcher Type: SUN_STANDARD

[Global flags]
     intx CICompilerCount                          = 12                                        {product} {ergonomic}
     uint ConcGCThreads                            = 3                                         {product} {ergonomic}
     uint G1ConcRefinementThreads                  = 13                                        {product} {ergonomic}
   size_t G1HeapRegionSize                         = 1048576                                   {product} {ergonomic}
    uintx GCDrainStackTargetSize                   = 64                                        {product} {ergonomic}
   size_t InitialHeapSize                          = 67108864                                  {product} {command line}
   size_t MarkStackSize                            = 4194304                                   {product} {ergonomic}
   size_t MaxHeapSize                              = 67108864                                  {product} {command line}
   size_t MinHeapDeltaBytes                        = 1048576                                   {product} {ergonomic}
   size_t MinHeapSize                              = 67108864                                  {product} {command line}
    uintx NonNMethodCodeHeapSize                   = 7602480                                {pd product} {ergonomic}
    uintx NonProfiledCodeHeapSize                  = 122027880                              {pd product} {ergonomic}
    uintx ProfiledCodeHeapSize                     = 122027880                              {pd product} {ergonomic}
    uintx ReservedCodeCacheSize                    = 251658240                              {pd product} {ergonomic}
     bool SegmentedCodeCache                       = true                                      {product} {ergonomic}
   size_t SoftMaxHeapSize                          = 67108864                               {manageable} {ergonomic}
     bool UseCompressedClassPointers               = true                           {product lp64_product} {ergonomic}
     bool UseCompressedOops                        = true                           {product lp64_product} {ergonomic}
     bool UseG1GC                                  = true                                      {product} {ergonomic}
     bool UseLargePagesIndividualAllocation        = false                                  {pd product} {ergonomic}

Logging:
Log output configuration:
 #0: stdout all=warning uptime,level,tags
 #1: stderr all=off uptime,level,tags

Environment Variables:
JAVA_HOME=C:\Users\EDY\jdk17-temp\jdk-17.0.18+8
CLASSPATH=C:\Users\EDY\lx-music-mobile-qq\android\\gradle\wrapper\gradle-wrapper.jar
PATH=C:\Users\EDY\lx-music-mobile-qq\node_modules\.bin;C:\Users\EDY\lx-music-mobile-qq\node_modules\.bin;C:\Users\EDY\node_modules\.bin;C:\Users\node_modules\.bin;C:\node_modules\.bin;D:\qclaw\resources\openclaw\config\npm-tools\node_modules\npm\node_modules\@npmcli\run-script\lib\node-gyp-bin;D:\qclaw\resources\openclaw\config\bin;D:\qclaw\resources\openclaw\config\npm-tools\node_modules\.bin;C:\Users\EDY\AppData\Roaming\QClaw\npm-global;D:\qclaw\resources\vcruntime-dlls;D:\vmware\bin\;C:\Windows\system32;C:\Windows;C:\Windows\System32\Wbem;C:\Windows\System32\WindowsPowerShell\v1.0\;C:\Windows\System32\OpenSSH\;C:\Program Files (x86)\Git\cmd;C:\Users\EDY\AppData\Roaming\nvm;C:\Program Files\nodejs;C:\Program Files (x86)\Windows Kits\10\Windows Performance Toolkit\;D:\峚陓web羲楷氪馱撿\dll;C:\Users\EDY\jdk17-temp\jdk-17.0.18+8\bin;C:\Users\EDY\android-sdk\platform-tools;C:\Users\EDY\.local\bin
USERNAME=EDY
OS=Windows_NT
PROCESSOR_IDENTIFIER=Intel64 Family 6 Model 154 Stepping 3, GenuineIntel
TMP=C:\Users\EDY\AppData\Local\Temp
TEMP=C:\Users\EDY\AppData\Local\Temp



Periodic native trim disabled


---------------  S Y S T E M  ---------------

OS:
 Windows 11 , 64 bit Build 22621 (10.0.22621.317)
OS uptime: 0 days 8:58 hours

CPU: total 16 (initial active 16) (8 cores per cpu, 2 threads per core) family 6 model 154 stepping 3 microcode 0x42a, cx8, cmov, fxsr, ht, mmx, 3dnowpref, sse, sse2, sse3, ssse3, sse4.1, sse4.2, popcnt, lzcnt, tsc, tscinvbit, avx, avx2, aes, erms, clmul, bmi1, bmi2, adx, sha, fma, vzeroupper, clflush, clflushopt, clwb
Processor Information for processor 0
  Max Mhz: 1700, Current Mhz: 1457, Mhz Limit: 1445
Processor Information for processor 1
  Max Mhz: 1700, Current Mhz: 1457, Mhz Limit: 1445
Processor Information for processor 2
  Max Mhz: 1700, Current Mhz: 1457, Mhz Limit: 1445
Processor Information for processor 3
  Max Mhz: 1700, Current Mhz: 1457, Mhz Limit: 1445
Processor Information for processor 4
  Max Mhz: 1700, Current Mhz: 1457, Mhz Limit: 1445
Processor Information for processor 5
  Max Mhz: 1700, Current Mhz: 1457, Mhz Limit: 1445
Processor Information for processor 6
  Max Mhz: 1700, Current Mhz: 1457, Mhz Limit: 1445
Processor Information for processor 7
  Max Mhz: 1700, Current Mhz: 1457, Mhz Limit: 1445
Processor Information for processor 8
  Max Mhz: 1700, Current Mhz: 1416, Mhz Limit: 1411
Processor Information for processor 9
  Max Mhz: 1700, Current Mhz: 1416, Mhz Limit: 1411
Processor Information for processor 10
  Max Mhz: 1700, Current Mhz: 1416, Mhz Limit: 1411
Processor Information for processor 11
  Max Mhz: 1700, Current Mhz: 1416, Mhz Limit: 1411
Processor Information for processor 12
  Max Mhz: 1700, Current Mhz: 1416, Mhz Limit: 1411
Processor Information for processor 13
  Max Mhz: 1700, Current Mhz: 1416, Mhz Limit: 1411
Processor Information for processor 14
  Max Mhz: 1700, Current Mhz: 1416, Mhz Limit: 1411
Processor Information for processor 15
  Max Mhz: 1700, Current Mhz: 1416, Mhz Limit: 1411

Memory: 4k page, system-wide physical 16081M (447M free)
TotalPageFile size 34795M (AvailPageFile size 5M)
current process WorkingSet (physical memory assigned to process): 10M, peak: 10M
current process commit charge ("private bytes"): 15M, peak: 16M

vm_info: OpenJDK 64-Bit Server VM (17.0.18+8) for windows-amd64 JRE (17.0.18+8), built on Jan 20 2026 22:28:22 by "admin" with MS VC++ 17.12 (VS2022)

END.
